0 info it worked if it ends with ok
1 verbose cli [ '/usr/bin/node', '/usr/bin/npm', 'install', 'jspm', '-g' ]
2 info using npm@1.4.28
3 info using node@v0.10.33
4 verbose node symlink /usr/bin/node
5 verbose cache add [ 'jspm', null ]
6 verbose cache add name=undefined spec="jspm" args=["jspm",null]
7 verbose parsed url { protocol: null,
7 verbose parsed url   slashes: null,
7 verbose parsed url   auth: null,
7 verbose parsed url   host: null,
7 verbose parsed url   port: null,
7 verbose parsed url   hostname: null,
7 verbose parsed url   hash: null,
7 verbose parsed url   search: null,
7 verbose parsed url   query: null,
7 verbose parsed url   pathname: 'jspm',
7 verbose parsed url   path: 'jspm',
7 verbose parsed url   href: 'jspm' }
8 silly lockFile 40e8134c-jspm jspm
9 verbose lock jspm /home/marc/.npm/40e8134c-jspm.lock
10 silly lockFile 40e8134c-jspm jspm
11 silly lockFile 40e8134c-jspm jspm
12 verbose addNamed [ 'jspm', '' ]
13 verbose addNamed [ null, '*' ]
14 silly lockFile f3b9302e-jspm jspm@
15 verbose lock jspm@ /home/marc/.npm/f3b9302e-jspm.lock
16 silly addNameRange { name: 'jspm', range: '*', hasData: false }
17 verbose request where is /jspm
18 verbose request registry https://registry.npmjs.org/
19 verbose request id 0d1377221ed7ab45
20 verbose url raw /jspm
21 verbose url resolving [ 'https://registry.npmjs.org/', './jspm' ]
22 verbose url resolved https://registry.npmjs.org/jspm
23 verbose request where is https://registry.npmjs.org/jspm
24 info trying registry request attempt 1 at 18:11:59
25 http GET https://registry.npmjs.org/jspm
26 http 200 https://registry.npmjs.org/jspm
27 silly registry.get cb [ 200,
27 silly registry.get   { date: 'Wed, 14 Jan 2015 02:12:00 GMT',
27 silly registry.get     server: 'CouchDB/1.5.0 (Erlang OTP/R16B03)',
27 silly registry.get     etag: '"8FVQSTARHUTF5BI5ZXO1VUNS1"',
27 silly registry.get     'content-type': 'application/json',
27 silly registry.get     'cache-control': 'max-age=60',
27 silly registry.get     'content-length': '114550',
27 silly registry.get     'accept-ranges': 'bytes',
27 silly registry.get     via: '1.1 varnish',
27 silly registry.get     age: '0',
27 silly registry.get     'x-served-by': 'cache-sjc3126-SJC',
27 silly registry.get     'x-cache': 'MISS',
27 silly registry.get     'x-cache-hits': '0',
27 silly registry.get     'x-timer': 'S1421201520.548090,VS0,VE131',
27 silly registry.get     vary: 'Accept',
27 silly registry.get     'keep-alive': 'timeout=10, max=50',
27 silly registry.get     connection: 'Keep-Alive' } ]
28 silly addNameRange number 2 { name: 'jspm', range: '*', hasData: true }
29 silly addNameRange versions [ 'jspm',
29 silly addNameRange   [ '0.0.1',
29 silly addNameRange     '0.0.2',
29 silly addNameRange     '0.0.3',
29 silly addNameRange     '0.0.4',
29 silly addNameRange     '0.0.5',
29 silly addNameRange     '0.0.6',
29 silly addNameRange     '0.0.7',
29 silly addNameRange     '0.0.8',
29 silly addNameRange     '0.1.0',
29 silly addNameRange     '0.1.1',
29 silly addNameRange     '0.2.0',
29 silly addNameRange     '0.3.0',
29 silly addNameRange     '0.3.1',
29 silly addNameRange     '0.3.2',
29 silly addNameRange     '0.3.3',
29 silly addNameRange     '0.3.4',
29 silly addNameRange     '0.3.5',
29 silly addNameRange     '0.3.6',
29 silly addNameRange     '0.3.7',
29 silly addNameRange     '0.3.8',
29 silly addNameRange     '0.3.9',
29 silly addNameRange     '0.3.10',
29 silly addNameRange     '0.4.0',
29 silly addNameRange     '0.4.1',
29 silly addNameRange     '0.4.2',
29 silly addNameRange     '0.4.3',
29 silly addNameRange     '0.5.0-beta',
29 silly addNameRange     '0.5.0',
29 silly addNameRange     '0.5.1',
29 silly addNameRange     '0.5.2',
29 silly addNameRange     '0.5.3',
29 silly addNameRange     '0.5.4',
29 silly addNameRange     '0.5.5',
29 silly addNameRange     '0.5.6',
29 silly addNameRange     '0.5.7',
29 silly addNameRange     '0.5.8',
29 silly addNameRange     '0.5.9',
29 silly addNameRange     '0.5.10',
29 silly addNameRange     '0.5.11',
29 silly addNameRange     '0.5.12',
29 silly addNameRange     '0.5.13',
29 silly addNameRange     '0.5.14',
29 silly addNameRange     '0.5.15',
29 silly addNameRange     '0.5.16',
29 silly addNameRange     '0.6.0',
29 silly addNameRange     '0.6.1',
29 silly addNameRange     '0.6.2',
29 silly addNameRange     '0.6.3',
29 silly addNameRange     '0.6.4',
29 silly addNameRange     '0.6.5',
29 silly addNameRange     '0.6.6',
29 silly addNameRange     '0.6.7',
29 silly addNameRange     '0.6.8',
29 silly addNameRange     '0.6.9',
29 silly addNameRange     '0.6.10',
29 silly addNameRange     '0.6.11',
29 silly addNameRange     '0.6.12',
29 silly addNameRange     '0.7.0-beta.1',
29 silly addNameRange     '0.7.0-beta.2',
29 silly addNameRange     '0.7.0-beta.3',
29 silly addNameRange     '0.7.0-beta.4',
29 silly addNameRange     '0.7.0-beta.5',
29 silly addNameRange     '0.7.0-beta.6',
29 silly addNameRange     '0.7.0-beta.7',
29 silly addNameRange     '0.7.0-beta.8',
29 silly addNameRange     '0.7.0-beta.9',
29 silly addNameRange     '0.7.0-beta.10',
29 silly addNameRange     '0.6.13',
29 silly addNameRange     '0.7.0-beta.11',
29 silly addNameRange     '0.7.0-beta.12',
29 silly addNameRange     '0.7.0-beta.13',
29 silly addNameRange     '0.7.0-beta.14',
29 silly addNameRange     '0.7.0-beta.15',
29 silly addNameRange     '0.7.0-beta.16',
29 silly addNameRange     '0.7.0-beta.17',
29 silly addNameRange     '0.7.0-beta.18',
29 silly addNameRange     '0.7.0-beta.19',
29 silly addNameRange     '0.7.0-beta.20',
29 silly addNameRange     '0.7.0',
29 silly addNameRange     '0.7.1',
29 silly addNameRange     '0.8.0-beta.1',
29 silly addNameRange     '0.8.0-beta.2',
29 silly addNameRange     '0.8.0-beta.3',
29 silly addNameRange     '0.8.0-beta.4',
29 silly addNameRange     '0.7.2',
29 silly addNameRange     '0.8.0-beta.5',
29 silly addNameRange     '0.8.0-beta.6',
29 silly addNameRange     '0.7.3',
29 silly addNameRange     '0.8.0-beta.7',
29 silly addNameRange     '0.8.0-beta.8',
29 silly addNameRange     '0.8.0-beta.9',
29 silly addNameRange     '0.8.0-beta.10',
29 silly addNameRange     '0.8.0-beta.11',
29 silly addNameRange     '0.8.0-beta.12',
29 silly addNameRange     '0.8.0',
29 silly addNameRange     '0.8.1',
29 silly addNameRange     '0.8.2',
29 silly addNameRange     '0.8.3',
29 silly addNameRange     '0.8.4',
29 silly addNameRange     '0.9.0-beta.1',
29 silly addNameRange     '0.8.5',
29 silly addNameRange     '0.9.0-beta.2',
29 silly addNameRange     '0.8.6',
29 silly addNameRange     '0.9.0',
29 silly addNameRange     '0.10.0',
29 silly addNameRange     '0.10.1',
29 silly addNameRange     '0.10.2',
29 silly addNameRange     '0.10.3',
29 silly addNameRange     '0.10.4' ] ]
30 verbose addNamed [ 'jspm', '0.10.4' ]
31 verbose addNamed [ '0.10.4', '0.10.4' ]
32 silly lockFile b4fe281c-jspm-0-10-4 jspm@0.10.4
33 verbose lock jspm@0.10.4 /home/marc/.npm/b4fe281c-jspm-0-10-4.lock
34 silly lockFile c3babcbd-y-npmjs-org-jspm-jspm-0-10-4-tgz https://registry.npmjs.org/jspm/-/jspm-0.10.4.tgz
35 verbose lock https://registry.npmjs.org/jspm/-/jspm-0.10.4.tgz /home/marc/.npm/c3babcbd-y-npmjs-org-jspm-jspm-0-10-4-tgz.lock
36 verbose addRemoteTarball [ 'https://registry.npmjs.org/jspm/-/jspm-0.10.4.tgz',
36 verbose addRemoteTarball   '17212137dcd0d0a41580c8b44876d8195f55062b' ]
37 info retry fetch attempt 1 at 18:12:00
38 verbose fetch to= /tmp/npm-29008-hY8uVBQ4/registry.npmjs.org/jspm/-/jspm-0.10.4.tgz
39 http GET https://registry.npmjs.org/jspm/-/jspm-0.10.4.tgz
40 http 200 https://registry.npmjs.org/jspm/-/jspm-0.10.4.tgz
41 silly lockFile c3babcbd-y-npmjs-org-jspm-jspm-0-10-4-tgz https://registry.npmjs.org/jspm/-/jspm-0.10.4.tgz
42 silly lockFile c3babcbd-y-npmjs-org-jspm-jspm-0-10-4-tgz https://registry.npmjs.org/jspm/-/jspm-0.10.4.tgz
43 silly lockFile b4fe281c-jspm-0-10-4 jspm@0.10.4
44 silly lockFile b4fe281c-jspm-0-10-4 jspm@0.10.4
45 silly lockFile f3b9302e-jspm jspm@
46 silly lockFile f3b9302e-jspm jspm@
47 silly resolved [ { name: 'jspm',
47 silly resolved     description: 'Registry and format agnostic JavaScript package manager',
47 silly resolved     version: '0.10.4',
47 silly resolved     main: './api.js',
47 silly resolved     author: '',
47 silly resolved     dependencies:
47 silly resolved      { glob: '~4.3.2',
47 silly resolved        'graceful-fs': '^3.0.5',
47 silly resolved        'jspm-github': '~0.9.9',
47 silly resolved        'jspm-npm': '~0.15.1',
47 silly resolved        'jspm-registry': '~0.3.2',
47 silly resolved        liftoff: '^0.13.2',
47 silly resolved        minimatch: '^0.2.14',
47 silly resolved        mkdirp: '~0.3.5',
47 silly resolved        ncp: '~0.6.0',
47 silly resolved        request: '^2.45.0',
47 silly resolved        rimraf: '~2.2.2',
47 silly resolved        rsvp: '~3.0.3',
47 silly resolved        semver: '~4.0.3',
47 silly resolved        'systemjs-builder': '~0.5.1',
47 silly resolved        systemjs: '^0.11.0',
47 silly resolved        traceur: '0.0.79',
47 silly resolved        'uglify-js': '~2.4.10' },
47 silly resolved     registry: 'npm',
47 silly resolved     devDependencies: { mocha: '~1.17.1' },
47 silly resolved     repository: { type: 'git', url: 'https://github.com/jspm/jspm.git' },
47 silly resolved     bin: { jspm: './jspm.js' },
47 silly resolved     scripts: { test: 'mocha' },
47 silly resolved     bugs: { url: 'https://github.com/jspm/jspm/issues' },
47 silly resolved     homepage: 'https://github.com/jspm/jspm',
47 silly resolved     directories: { test: 'test' },
47 silly resolved     license: 'Apache 2.0',
47 silly resolved     gitHead: 'b016e14fabe7a0376b33598d03029794864baa28',
47 silly resolved     _id: 'jspm@0.10.4',
47 silly resolved     _shasum: '17212137dcd0d0a41580c8b44876d8195f55062b',
47 silly resolved     _from: 'jspm@',
47 silly resolved     _npmVersion: '1.4.28',
47 silly resolved     _npmUser: { name: 'guybedford', email: 'guybedford@gmail.com' },
47 silly resolved     maintainers: [ [Object] ],
47 silly resolved     dist:
47 silly resolved      { shasum: '17212137dcd0d0a41580c8b44876d8195f55062b',
47 silly resolved        tarball: 'http://registry.npmjs.org/jspm/-/jspm-0.10.4.tgz' },
47 silly resolved     _resolved: 'https://registry.npmjs.org/jspm/-/jspm-0.10.4.tgz' } ]
48 info install jspm@0.10.4 into /usr/lib
49 info installOne jspm@0.10.4
50 verbose lib/node_modules/jspm unbuild
51 verbose tar unpack /home/marc/.npm/jspm/0.10.4/package.tgz
52 silly lockFile a8626b83-tar-usr-lib-node-modules-jspm tar:///usr/lib/node_modules/jspm
53 verbose lock tar:///usr/lib/node_modules/jspm /home/marc/.npm/a8626b83-tar-usr-lib-node-modules-jspm.lock
54 silly lockFile bf8402b2-marc-npm-jspm-0-10-4-package-tgz tar:///home/marc/.npm/jspm/0.10.4/package.tgz
55 verbose lock tar:///home/marc/.npm/jspm/0.10.4/package.tgz /home/marc/.npm/bf8402b2-marc-npm-jspm-0-10-4-package-tgz.lock
56 silly gunzTarPerm modes [ '775', '664' ]
57 error Error: EACCES, mkdir '/usr/lib/node_modules/jspm'
57 error  { [Error: EACCES, mkdir '/usr/lib/node_modules/jspm']
57 error   errno: 3,
57 error   code: 'EACCES',
57 error   path: '/usr/lib/node_modules/jspm',
57 error   fstream_type: 'Directory',
57 error   fstream_path: '/usr/lib/node_modules/jspm',
57 error   fstream_class: 'DirWriter',
57 error   fstream_stack:
57 error    [ '/usr/lib/node_modules/npm/node_modules/fstream/lib/dir-writer.js:36:23',
57 error      '/usr/lib/node_modules/npm/node_modules/mkdirp/index.js:46:53',
57 error      'Object.oncomplete (fs.js:107:15)' ] }
58 error Please try running this command again as root/Administrator.
59 error System Linux 3.10.18
60 error command "/usr/bin/node" "/usr/bin/npm" "install" "jspm" "-g"
61 error cwd /home/marc/Documents/projects/swimming-armadillo/Swimming Arm Graph
62 error node -v v0.10.33
63 error npm -v 1.4.28
64 error path /usr/lib/node_modules/jspm
65 error fstream_path /usr/lib/node_modules/jspm
66 error fstream_type Directory
67 error fstream_class DirWriter
68 error code EACCES
69 error errno 3
70 error stack Error: EACCES, mkdir '/usr/lib/node_modules/jspm'
71 error fstream_stack /usr/lib/node_modules/npm/node_modules/fstream/lib/dir-writer.js:36:23
71 error fstream_stack /usr/lib/node_modules/npm/node_modules/mkdirp/index.js:46:53
71 error fstream_stack Object.oncomplete (fs.js:107:15)
72 verbose exit [ 3, true ]
